# JRE version: 7.0_07-b11
# Java VM: Java HotSpot(TM) Client VM (23.3-b01 mixed mode, sharing windows-x86 )
Heap
 def new generation   total 8320K, used 731K [0x22b40000, 0x23440000, 0x28090000)
  eden space 7424K,   9% used [0x22b40000, 0x22bf57c0, 0x23280000)
  from space 896K,   0% used [0x23360000, 0x23361450, 0x23440000)
  to   space 896K,   0% used [0x23280000, 0x23280000, 0x23360000)
 tenured generation   total 18372K, used 17803K [0x28090000, 0x29281000, 0x32b40000)
   the space 18372K,  96% used [0x28090000, 0x291f2d18, 0x291f2e00, 0x29281000)
 compacting perm gen  total 12288K, used 1976K [0x32b40000, 0x33740000, 0x36b40000)
   the space 12288K,  16% used [0x32b40000, 0x32d2e3d8, 0x32d2e400, 0x33740000)
    ro space 10240K,  42% used [0x36b40000, 0x36f7f150, 0x36f7f200, 0x37540000)
    rw space 12288K,  54% used [0x37540000, 0x37bbfad8, 0x37bbfc00, 0x38140000)
GC Heap History (10 events):
Event: 16.668 GC heap before
{Heap before GC invocations=99 (full 1):
 def new generation   total 8320K, used 7429K [0x22b40000, 0x23440000, 0x28090000)
  eden space 7424K, 100% used [0x22b40000, 0x23280000, 0x23280000)
  from space 896K,   0% used [0x23280000, 0x23281498, 0x23360000)
  to   space 896K,   0% used [0x23360000, 0x23360000, 0x23440000)
 tenured generation   total 18372K, used 17803K [0x28090000, 0x29281000, 0x32b40000)
   the space 18372K,  96% used [0x28090000, 0x291f2d18, 0x291f2e00, 0x29281000)
 compacting perm gen  total 12288K, used 1974K [0x32b40000, 0x33740000, 0x36b40000)
   the space 12288K,  16% used [0x32b40000, 0x32d2db00, 0x32d2dc00, 0x33740000)
    ro space 10240K,  42% used [0x36b40000, 0x36f7f150, 0x36f7f200, 0x37540000)
    rw space 12288K,  54% used [0x37540000, 0x37bbfad8, 0x37bbfc00, 0x38140000)
Event: 16.669 GC heap after
Heap after GC invocations=100 (full 1):
 def new generation   total 8320K, used 4K [0x22b40000, 0x23440000, 0x28090000)
  eden space 7424K,   0% used [0x22b40000, 0x22b40000, 0x23280000)
  from space 896K,   0% used [0x23360000, 0x233611f0, 0x23440000)
  to   space 896K,   0% used [0x23280000, 0x23280000, 0x23360000)
 tenured generation   total 18372K, used 17803K [0x28090000, 0x29281000, 0x32b40000)
   the space 18372K,  96% used [0x28090000, 0x291f2d18, 0x291f2e00, 0x29281000)
 compacting perm gen  total 12288K, used 1974K [0x32b40000, 0x33740000, 0x36b40000)
   the space 12288K,  16% used [0x32b40000, 0x32d2db00, 0x32d2dc00, 0x33740000)
    ro space 10240K,  42% used [0x36b40000, 0x36f7f150, 0x36f7f200, 0x37540000)
    rw space 12288K,  54% used [0x37540000, 0x37bbfad8, 0x37bbfc00, 0x38140000)
}
Event: 16.876 GC heap before
{Heap before GC invocations=100 (full 1):
 def new generation   total 8320K, used 7428K [0x22b40000, 0x23440000, 0x28090000)
  eden space 7424K, 100% used [0x22b40000, 0x23280000, 0x23280000)
  from space 896K,   0% used [0x23360000, 0x233611f0, 0x23440000)
  to   space 896K,   0% used [0x23280000, 0x23280000, 0x23360000)
 tenured generation   total 18372K, used 17803K [0x28090000, 0x29281000, 0x32b40000)
   the space 18372K,  96% used [0x28090000, 0x291f2d18, 0x291f2e00, 0x29281000)
 compacting perm gen  total 12288K, used 1974K [0x32b40000, 0x33740000, 0x36b40000)
   the space 12288K,  16% used [0x32b40000, 0x32d2db00, 0x32d2dc00, 0x33740000)
    ro space 10240K,  42% used [0x36b40000, 0x36f7f150, 0x36f7f200, 0x37540000)
    rw space 12288K,  54% used [0x37540000, 0x37bbfad8, 0x37bbfc00, 0x38140000)
Event: 16.877 GC heap after
Heap after GC invocations=101 (full 1):
 def new generation   total 8320K, used 4K [0x22b40000, 0x23440000, 0x28090000)
  eden space 7424K,   0% used [0x22b40000, 0x22b40000, 0x23280000)
  from space 896K,   0% used [0x23280000, 0x232813b0, 0x23360000)
  to   space 896K,   0% used [0x23360000, 0x23360000, 0x23440000)
 tenured generation   total 18372K, used 17803K [0x28090000, 0x29281000, 0x32b40000)
   the space 18372K,  96% used [0x28090000, 0x291f2d18, 0x291f2e00, 0x29281000)
 compacting perm gen  total 12288K, used 1974K [0x32b40000, 0x33740000, 0x36b40000)
   the space 12288K,  16% used [0x32b40000, 0x32d2db00, 0x32d2dc00, 0x33740000)
    ro space 10240K,  42% used [0x36b40000, 0x36f7f150, 0x36f7f200, 0x37540000)
    rw space 12288K,  54% used [0x37540000, 0x37bbfad8, 0x37bbfc00, 0x38140000)
}
Event: 17.075 GC heap before
{Heap before GC invocations=101 (full 1):
 def new generation   total 8320K, used 7428K [0x22b40000, 0x23440000, 0x28090000)
  eden space 7424K, 100% used [0x22b40000, 0x23280000, 0x23280000)
  from space 896K,   0% used [0x23280000, 0x232813b0, 0x23360000)
  to   space 896K,   0% used [0x23360000, 0x23360000, 0x23440000)
 tenured generation   total 18372K, used 17803K [0x28090000, 0x29281000, 0x32b40000)
   the space 18372K,  96% used [0x28090000, 0x291f2d18, 0x291f2e00, 0x29281000)
 compacting perm gen  total 12288K, used 1975K [0x32b40000, 0x33740000, 0x36b40000)
   the space 12288K,  16% used [0x32b40000, 0x32d2dec8, 0x32d2e000, 0x33740000)
    ro space 10240K,  42% used [0x36b40000, 0x36f7f150, 0x36f7f200, 0x37540000)
    rw space 12288K,  54% used [0x37540000, 0x37bbfad8, 0x37bbfc00, 0x38140000)
Event: 17.076 GC heap after
Heap after GC invocations=102 (full 1):
 def new generation   total 8320K, used 5K [0x22b40000, 0x23440000, 0x28090000)
  eden space 7424K,   0% used [0x22b40000, 0x22b40000, 0x23280000)
  from space 896K,   0% used [0x23360000, 0x23361438, 0x23440000)
  to   space 896K,   0% used [0x23280000, 0x23280000, 0x23360000)
 tenured generation   total 18372K, used 17803K [0x28090000, 0x29281000, 0x32b40000)
   the space 18372K,  96% used [0x28090000, 0x291f2d18, 0x291f2e00, 0x29281000)
 compacting perm gen  total 12288K, used 1975K [0x32b40000, 0x33740000, 0x36b40000)
   the space 12288K,  16% used [0x32b40000, 0x32d2dec8, 0x32d2e000, 0x33740000)
    ro space 10240K,  42% used [0x36b40000, 0x36f7f150, 0x36f7f200, 0x37540000)
    rw space 12288K,  54% used [0x37540000, 0x37bbfad8, 0x37bbfc00, 0x38140000)
}
Event: 17.256 GC heap before
{Heap before GC invocations=102 (full 1):
 def new generation   total 8320K, used 7429K [0x22b40000, 0x23440000, 0x28090000)
  eden space 7424K, 100% used [0x22b40000, 0x23280000, 0x23280000)
  from space 896K,   0% used [0x23360000, 0x23361438, 0x23440000)
  to   space 896K,   0% used [0x23280000, 0x23280000, 0x23360000)
 tenured generation   total 18372K, used 17803K [0x28090000, 0x29281000, 0x32b40000)
   the space 18372K,  96% used [0x28090000, 0x291f2d18, 0x291f2e00, 0x29281000)
 compacting perm gen  total 12288K, used 1975K [0x32b40000, 0x33740000, 0x36b40000)
   the space 12288K,  16% used [0x32b40000, 0x32d2dec8, 0x32d2e000, 0x33740000)
    ro space 10240K,  42% used [0x36b40000, 0x36f7f150, 0x36f7f200, 0x37540000)
    rw space 12288K,  54% used [0x37540000, 0x37bbfad8, 0x37bbfc00, 0x38140000)
Event: 17.257 GC heap after
Heap after GC invocations=103 (full 1):
 def new generation   total 8320K, used 4K [0x22b40000, 0x23440000, 0x28090000)
  eden space 7424K,   0% used [0x22b40000, 0x22b40000, 0x23280000)
  from space 896K,   0% used [0x23280000, 0x23281290, 0x23360000)
  to   space 896K,   0% used [0x23360000, 0x23360000, 0x23440000)
 tenured generation   total 18372K, used 17803K [0x28090000, 0x29281000, 0x32b40000)
   the space 18372K,  96% used [0x28090000, 0x291f2d18, 0x291f2e00, 0x29281000)
 compacting perm gen  total 12288K, used 1975K [0x32b40000, 0x33740000, 0x36b40000)
   the space 12288K,  16% used [0x32b40000, 0x32d2dec8, 0x32d2e000, 0x33740000)
    ro space 10240K,  42% used [0x36b40000, 0x36f7f150, 0x36f7f200, 0x37540000)
    rw space 12288K,  54% used [0x37540000, 0x37bbfad8, 0x37bbfc00, 0x38140000)
}
Event: 17.458 GC heap before
{Heap before GC invocations=103 (full 1):
 def new generation   total 8320K, used 7428K [0x22b40000, 0x23440000, 0x28090000)
  eden space 7424K, 100% used [0x22b40000, 0x23280000, 0x23280000)
  from space 896K,   0% used [0x23280000, 0x23281290, 0x23360000)
  to   space 896K,   0% used [0x23360000, 0x23360000, 0x23440000)
 tenured generation   total 18372K, used 17803K [0x28090000, 0x29281000, 0x32b40000)
   the space 18372K,  96% used [0x28090000, 0x291f2d18, 0x291f2e00, 0x29281000)
 compacting perm gen  total 12288K, used 1975K [0x32b40000, 0x33740000, 0x36b40000)
   the space 12288K,  16% used [0x32b40000, 0x32d2dec8, 0x32d2e000, 0x33740000)
    ro space 10240K,  42% used [0x36b40000, 0x36f7f150, 0x36f7f200, 0x37540000)
    rw space 12288K,  54% used [0x37540000, 0x37bbfad8, 0x37bbfc00, 0x38140000)
Event: 17.458 GC heap after
Heap after GC invocations=104 (full 1):
 def new generation   total 8320K, used 5K [0x22b40000, 0x23440000, 0x28090000)
  eden space 7424K,   0% used [0x22b40000, 0x22b40000, 0x23280000)
  from space 896K,   0% used [0x23360000, 0x23361450, 0x23440000)
  to   space 896K,   0% used [0x23280000, 0x23280000, 0x23360000)
 tenured generation   total 18372K, used 17803K [0x28090000, 0x29281000, 0x32b40000)
   the space 18372K,  96% used [0x28090000, 0x291f2d18, 0x291f2e00, 0x29281000)
 compacting perm gen  total 12288K, used 1975K [0x32b40000, 0x33740000, 0x36b40000)
   the space 12288K,  16% used [0x32b40000, 0x32d2dec8, 0x32d2e000, 0x33740000)
    ro space 10240K,  42% used [0x36b40000, 0x36f7f150, 0x36f7f200, 0x37540000)
    rw space 12288K,  54% used [0x37540000, 0x37bbfad8, 0x37bbfc00, 0x38140000)
}

